<?xml version="1.0" encoding="UTF-8"?>
<testsuite xmlns:xsi="http://www.w3.org/2001/XMLSchema-instance" xsi:noNamespaceSchemaLocation="https://maven.apache.org/surefire/maven-surefire-plugin/xsd/surefire-test-report.xsd" name="TestSuite" time="9.242" tests="13" errors="0" skipped="0" failures="1">
  <properties>
[...]
</properties>
  <testcase name="verify_that_top_level_fields_can_be_filtered_by_queryparms on verify_that_top_level_fields_can_be_filtered_by_queryparms(cityBikes.CityBikeTests)" classname="cityBikes.CityBikeTests" time="5.091"/>
  <testcase name="baseUriReturnsSuccess on baseUriReturnsSuccess(cityBikes.CityBikeTests)" classname="cityBikes.CityBikeTests" time="0"/>
  <testcase name="verify_that_frankfurt_is_in_germany on verify_that_frankfurt_is_in_germany(cityBikes.CityBikeTests)" classname="cityBikes.CityBikeTests" time="0.37"/>
  <testcase name="verify_that_invalid_id_returns_not_found on verify_that_invalid_id_returns_not_found(cityBikes.CityBikeTests)" classname="cityBikes.CityBikeTests" time="0.058"/>
  <testcase name="getOrdersInventory on getOrdersInventory(pets.PetsTest)" classname="pets.PetsTest" time="0.681">
    <failure message="&#10;Expected: is &lt;200&gt;&#10;     but: was &lt;404&gt;" type="java.lang.AssertionError"><![CDATA[java.lang.AssertionError: 

Expected: is <200>
     but: was <404>
	at pets.PetsTest.getOrdersInventory(PetsTest.java:43)
]]></failure>
    <system-out><![CDATA[{
    "code": 1,
    "type": "error",
    "message": "Order not found"
}
]]></system-out>
  </testcase>
  <testcase name="getStoreInventory on getStoreInventory(pets.PetsTest)" classname="pets.PetsTest" time="0.537"/>
  <testcase name="getPostById on getPostById(posts.PostTests)" classname="posts.PostTests" time="0.17"/>
  <testcase name="it_creates_penny_coin_with_correct_name_and_value on it_creates_penny_coin_with_correct_name_and_value(vendingMachine.CoinFactoryTests)" classname="vendingMachine.CoinFactoryTests" time="0.002"/>
  <testcase name="it_creates_dime_coin_with_correct_name_and_value on it_creates_dime_coin_with_correct_name_and_value(vendingMachine.CoinFactoryTests)" classname="vendingMachine.CoinFactoryTests" time="0"/>
  <testcase name="it_creates_nickel_coin_with_correct_name_and_value on it_creates_nickel_coin_with_correct_name_and_value(vendingMachine.CoinFactoryTests)" classname="vendingMachine.CoinFactoryTests" time="0"/>
  <testcase name="verify_createCoke_creates_coke_product on verify_createCoke_creates_coke_product(vendingMachine.ProductFactoryTests)" classname="vendingMachine.ProductFactoryTests" time="0.001"/>
  <testcase name="verify_createPepsi_creates_pepsi_product on verify_createPepsi_creates_pepsi_product(vendingMachine.ProductFactoryTests)" classname="vendingMachine.ProductFactoryTests" time="0"/>
  <testcase name="verify_createSoda_creates_soda_product on verify_createSoda_creates_soda_product(vendingMachine.ProductFactoryTests)" classname="vendingMachine.ProductFactoryTests" time="0"/>
</testsuite>